[main] Building folder: c:/Users/The_K/Desktop/PET_projects/TeleBots/build 
[main] Configuring project: TeleBots 
[proc] Executing command: "C:\Program Files\CMake\bin\cmake.EXE" -DCMAKE_BUILD_TYPE:STRING=Debug -DCMAKE_EXPORT_COMPILE_COMMANDS:BOOL=TRUE "-DCMAKE_C_COMPILER:FILEPATH=C:\Program Files\mingw64\bin\gcc.exe" "-DCMAKE_CXX_COMPILER:FILEPATH=C:\Program Files\mingw64\bin\g++.exe" --no-warn-unused-cli -S C:/Users/The_K/Desktop/PET_projects/TeleBots -B c:/Users/The_K/Desktop/PET_projects/TeleBots/build -G "MinGW Makefiles"
[cmake] VPKG C:\Library\vcpkg\scripts\buildsystems\vcpkg.cmake
[cmake] Not searching for unused variables given on the command line.
[cmake] -- Using the multi-header code from C:/Users/The_K/Desktop/PET_projects/TeleBots/LIBR/json/include/
[cmake] CMake Error at CMakeLists.txt:18 (find_package):
[cmake]   By not providing "Findcpr.cmake" in CMAKE_MODULE_PATH this project has
[cmake]   asked CMake to find a package configuration file provided by "cpr", but
[cmake]   CMake did not find one.
[cmake] 
[cmake]   Could not find a package configuration file provided by "cpr" with any of
[cmake]   the following names:
[cmake] 
[cmake]     cprConfig.cmake
[cmake]     cpr-config.cmake
[cmake] 
[cmake]   Add the installation prefix of "cpr" to CMAKE_PREFIX_PATH or set "cpr_DIR"
[cmake]   to a directory containing one of the above files.  If "cpr" provides a
[cmake]   separate development package or SDK, be sure it has been installed.
[cmake] 
[cmake] 
[cmake] -- Configuring incomplete, errors occurred!
[proc] The command: "C:\Program Files\CMake\bin\cmake.EXE" -DCMAKE_BUILD_TYPE:STRING=Debug -DCMAKE_EXPORT_COMPILE_COMMANDS:BOOL=TRUE "-DCMAKE_C_COMPILER:FILEPATH=C:\Program Files\mingw64\bin\gcc.exe" "-DCMAKE_CXX_COMPILER:FILEPATH=C:\Program Files\mingw64\bin\g++.exe" --no-warn-unused-cli -S C:/Users/The_K/Desktop/PET_projects/TeleBots -B c:/Users/The_K/Desktop/PET_projects/TeleBots/build -G "MinGW Makefiles" exited with code: 1
